Nó: [🕵️‍♂️ 𝗩Λ𝗥𝗥𝗘𝗗𝗨𝗥Λ 𝗚𝗥Λ́𝗧𝗜𝗦 ［#𝗕𝟬𝟳］ ⚡️ 〘 𝗜Λ 𝗗𝗘𝗧𝗘𝗧𝗜𝗩𝗘 〙] | Drone: [Central IA | Suporte 🥷] | Cargo Real do worker no grupo: [ADMIN] | Pode Mudar Info? [SIM]
Nó: [🕵️‍♂️ 𝗩Λ𝗥𝗥𝗘𝗗𝗨𝗥Λ 𝗚𝗥Λ́𝗧𝗜𝗦 ［#𝗕𝟬𝟴］ ⚡️ 〘 𝗜Λ 𝗗𝗘𝗧𝗘𝗧𝗜𝗩𝗘 〙] | Drone: [Central IA | Suporte 🥷] | Cargo Real do worker no grupo: [ADMIN] | Pode Mudar Info? [SIM]
Nó: [🕵️‍♂️ 𝗩Λ𝗥𝗥𝗘𝗗𝗨𝗥Λ 𝗚𝗥Λ́𝗧𝗜𝗦 ［#𝗕𝟬𝟵］ ⚡️ 〘 𝗜Λ 𝗗𝗘𝗧𝗘𝗧𝗜𝗩𝗘 〙] | Drone: [Central IA | Suporte 🥷] | Cargo Real do worker no grupo: [ADMIN] | Pode Mudar Info? [SIM]
Nó: [🕵️‍♂️ 𝗩Λ𝗥𝗥𝗘𝗗𝗨𝗥Λ 𝗚𝗥Λ́𝗧𝗜𝗦 ［#𝗕𝟭𝟬］ ⚡️ 〘 𝗜Λ 𝗗𝗘𝗧𝗘𝗧𝗜𝗩𝗘 〙] | Drone: [Central IA | Suporte 🥷] | Cargo Real do worker no grupo: [ADMIN] | Pode Mudar Info? [SIM]
Nó: [🕵️‍♂️ 𝗩Λ𝗥𝗥𝗘𝗗𝗨𝗥Λ 𝗚𝗥Λ́𝗧𝗜𝗦 ［#𝗖𝟬𝟭］ ⚡️ 〘 𝗜Λ 𝗗𝗘𝗧𝗘𝗧𝗜𝗩𝗘 〙] | Drone: [Suporte Dogba] | Cargo Real do worker no grupo: [MEMBRO_COMUM] | Pode Mudar Info? [NÃO]
Nó: [🕵️‍♂️ 𝗩Λ𝗥𝗥𝗘𝗗𝗨𝗥Λ 𝗚𝗥Λ́𝗧𝗜𝗦 ［#𝗖𝟬𝟮］ ⚡️ 〘 𝗜Λ 𝗗𝗘𝗧𝗘𝗧𝗜𝗩𝗘 〙] | Drone: [Central IA | Suporte 🥷] | Cargo Real do worker no grupo: [ADMIN] | Pode Mudar Info? [SIM]
Nó: [🕵️‍♂️ 𝗩Λ𝗥𝗥𝗘𝗗𝗨𝗥Λ 𝗚𝗥Λ́𝗧𝗜𝗦 ［#𝗖𝟬𝟯］ ⚡️ 〘 𝗜Λ 𝗗𝗘𝗧𝗘𝗧𝗜𝗩𝗘 〙] | Drone: [Central IA | Suporte 🥷] | Cargo Real do worker no grupo: [ADMIN] | Pode Mudar Info? [SIM]
Nó: [🕵️‍♂️ 𝗩Λ𝗥𝗥𝗘𝗗𝗨𝗥Λ 𝗚𝗥Λ́𝗧𝗜𝗦 ［#𝗖𝟬𝟰］ ⚡️ 〘 𝗜Λ 𝗗𝗘𝗧𝗘𝗧𝗜𝗩𝗘 〙] | Drone: [Central IA | Suporte 🥷] | Cargo Real do worker no grupo: [ADMIN] | Pode Mudar Info? [SIM]
Nó: [🕵️‍♂️ 𝗩Λ𝗥𝗥𝗘𝗗𝗨𝗥Λ 𝗚𝗥Λ́𝗧𝗜𝗦 ［#𝗖𝟬𝟱］ ⚡️ 〘 𝗜Λ 𝗗𝗘𝗧𝗘𝗧𝗜𝗩𝗘 〙] | Drone: [Arthuro] | Cargo Real do worker no grupo: [MEMBRO_COMUM] | Pode Mudar Info? [NÃO]
Nó: [🕵️‍♂️ 𝗩Λ𝗥𝗥𝗘𝗗𝗨𝗥Λ 𝗚𝗥Λ́𝗧𝗜𝗦 ［#𝗖𝟬𝟲］ ⚡️ 〘 𝗜Λ 𝗗𝗘𝗧𝗘𝗧𝗜𝗩𝗘 〙] | Drone: [Juliana] | Cargo Real do worker no grupo: [MEMBRO_COMUM] | Pode Mudar Info? [NÃO]
Nó: [🕵️‍♂️ 𝗩Λ𝗥𝗥𝗘𝗗𝗨𝗥Λ 𝗚𝗥Λ́𝗧𝗜𝗦 ［#𝗖𝟬𝟳］ ⚡️ 〘 𝗜Λ 𝗗𝗘𝗧𝗘𝗧𝗜𝗩𝗘 〙] | Drone: [Central IA | Suporte 🥷] | Cargo Real do worker no grupo: [ADMIN] | Pode Mudar Info? [SIM]
Nó: [🕵️‍♂️ 𝗩Λ𝗥𝗥𝗘𝗗𝗨𝗥Λ 𝗚𝗥Λ́𝗧𝗜𝗦 ［#𝗖𝟬𝟴］ ⚡️ 〘 𝗜Λ 𝗗𝗘𝗧𝗘𝗧𝗜𝗩𝗘 〙] | Drone: [Central IA | Suporte 🥷] | Cargo Real do worker no grupo: [ADMIN] | Pode Mudar Info? [SIM]
Nó: [🕵️‍♂️ 𝗩Λ𝗥𝗥𝗘𝗗𝗨𝗥Λ 𝗚𝗥Λ́𝗧𝗜𝗦 ［#𝗖𝟬𝟵］ ⚡️ 〘 𝗜Λ 𝗗𝗘𝗧𝗘𝗧𝗜𝗩𝗘 〙] | Drone: [Central IA | Suporte 🥷] | Cargo Real do worker no grupo: [ADMIN] | Pode Mudar Info? [SIM]
Nó: [🕵️‍♂️ 𝗩Λ𝗥𝗥𝗘𝗗𝗨𝗥Λ 𝗚𝗥Λ́𝗧𝗜𝗦 ［#𝗖𝟭𝟬］ ⚡️ 〘 𝗜Λ 𝗗𝗘𝗧𝗘𝗧𝗜𝗩𝗘 〙] | Drone: [Suporte Dogba] | Cargo Real do worker no grupo: [MEMBRO_COMUM] | Pode Mudar Info? [NÃO]
Nó: [🕵️‍♂️ 𝗩Λ𝗥𝗥𝗘𝗗𝗨𝗥Λ 𝗚𝗥Λ́𝗧𝗜𝗦 ［#𝗕𝟬𝟳］ ⚡️ 〘 𝗜Λ 𝗗𝗘𝗧𝗘𝗧𝗜𝗩𝗘 〙] | Drone: [Central IA | Suporte 🥷] | Cargo Real do worker no grupo: [ADMIN] | Pode Mudar Info? [SIM]
Nó: [🕵️‍♂️ 𝗩Λ𝗥𝗥𝗘𝗗𝗨𝗥Λ 𝗚𝗥Λ́𝗧𝗜𝗦 ［#𝗕𝟬𝟴］ ⚡️ 〘 𝗜Λ 𝗗𝗘𝗧𝗘𝗧𝗜𝗩𝗘 〙] | Drone: [Central IA | Suporte 🥷] | Cargo Real do worker no grupo: [ADMIN] | Pode Mudar Info? [SIM]
Nó: [🕵️‍♂️ 𝗩Λ𝗥𝗥𝗘𝗗𝗨𝗥Λ 𝗚𝗥Λ́𝗧𝗜𝗦 ［#𝗕𝟬𝟵］ ⚡️ 〘 𝗜Λ 𝗗𝗘𝗧𝗘𝗧𝗜𝗩𝗘 〙] | Drone: [Central IA | Suporte 🥷] | Cargo Real do worker no grupo: [ADMIN] | Pode Mudar Info? [SIM]
Nó: [🕵️‍♂️ 𝗩Λ𝗥𝗥𝗘𝗗𝗨𝗥Λ 𝗚𝗥Λ́𝗧𝗜𝗦 ［#𝗕𝟭𝟬］ ⚡️ 〘 𝗜Λ 𝗗𝗘𝗧𝗘𝗧𝗜𝗩𝗘 〙] | Drone: [Central IA | Suporte 🥷] | Cargo Real do worker no grupo: [ADMIN] | Pode Mudar Info? [SIM]
Nó: [🕵️‍♂️ 𝗩Λ𝗥𝗥𝗘𝗗𝗨𝗥Λ 𝗚𝗥Λ́𝗧𝗜𝗦 ［#𝗖𝟬𝟮］ ⚡️ 〘 𝗜Λ 𝗗𝗘𝗧𝗘𝗧𝗜𝗩𝗘 〙] | Drone: [Central IA | Suporte 🥷] | Cargo Real do worker no grupo: [ADMIN] | Pode Mudar Info? [SIM]
Nó: [🕵️‍♂️ 𝗩Λ𝗥𝗥𝗘𝗗𝗨𝗥Λ 𝗚𝗥Λ́𝗧𝗜𝗦 ［#𝗖𝟬𝟯］ ⚡️ 〘 𝗜Λ 𝗗𝗘𝗧𝗘𝗧𝗜𝗩𝗘 〙] | Drone: [Central IA | Suporte 🥷] | Cargo Real do worker no grupo: [ADMIN] | Pode Mudar Info? [SIM]
Nó: [🕵️‍♂️ 𝗩Λ𝗥𝗥𝗘𝗗𝗨𝗥Λ 𝗚𝗥Λ́𝗧𝗜𝗦 ［#𝗖𝟬𝟰］ ⚡️ 〘 𝗜Λ 𝗗𝗘𝗧𝗘𝗧𝗜𝗩𝗘 〙] | Drone: [Central IA | Suporte 🥷] | Cargo Real do worker no grupo: [ADMIN] | Pode Mudar Info? [SIM]
Nó: [🕵️‍♂️ 𝗩Λ𝗥𝗥𝗘𝗗𝗨𝗥Λ 𝗚𝗥Λ́𝗧𝗜𝗦 ［#𝗖𝟬𝟳］ ⚡️ 〘 𝗜Λ 𝗗𝗘𝗧𝗘𝗧𝗜𝗩𝗘 〙] | Drone: [Central IA | Suporte 🥷] | Cargo Real do worker no grupo: [ADMIN] | Pode Mudar Info? [SIM]
Nó: [🕵️‍♂️ 𝗩Λ𝗥𝗥𝗘𝗗𝗨𝗥Λ 𝗚𝗥Λ́𝗧𝗜𝗦 ［#𝗖𝟬𝟴］ ⚡️ 〘 𝗜Λ 𝗗𝗘𝗧𝗘𝗧𝗜𝗩𝗘 〙] | Drone: [Central IA | Suporte 🥷] | Cargo Real do worker no grupo: [ADMIN] | Pode Mudar Info? [SIM]
Nó: [🕵️‍♂️ 𝗩Λ𝗥𝗥𝗘𝗗𝗨𝗥Λ 𝗚𝗥Λ́𝗧𝗜𝗦 ［#𝗖𝟬𝟵］ ⚡️ 〘 𝗜Λ 𝗗𝗘𝗧𝗘𝗧𝗜𝗩𝗘 〙] | Drone: [Central IA | Suporte 🥷] | Cargo Real do worker no grupo: [ADMIN] | Pode Mudar Info? [SIM]
